<?xml version="1.0" encoding="UTF-8"?>
<testsuite name="GameTest" tests="4" skipped="0" failures="0" errors="0" timestamp="2016-04-28T23:41:35" hostname="epicodus-117.local" time="0.004">
  <properties/>
  <testcase name="Game_populatesDeck_true" classname="GameTest" time="0.002"/>
  <testcase name="Game_instantiatesCorrectly_true" classname="GameTest" time="0.001"/>
  <testcase name="Game_DrawCardRemovesCardFromDeck_true" classname="GameTest" time="0.0"/>
  <testcase name="Game_DrawReturnsCard_true" classname="GameTest" time="0.001"/>
  <system-out><![CDATA[3 hearts
11 hearts
]]></system-out>
  <system-err><![CDATA[]]></system-err>
</testsuite>
